<?xml version="1.0" encoding="UTF-8"?>
<!-- Generated by org.testng.reporters.JUnitReportReporter -->
<testsuite hostname="DESKTOP-I9ETKPH" failures="0" tests="1" name="automation.demo.tests.web.alza.shoppingcart.TC_01" time="16.796" errors="0" timestamp="2022-07-12T09:56:54 SELÄŒ" skipped="0">
  <testcase classname="automation.demo.tests.web.alza.shoppingcart.TC_01" name="test" time="16.796"/>
  <system-out/>
</testsuite> <!-- automation.demo.tests.web.alza.shoppingcart.TC_01 -->
